<?xml version="1.0" encoding="UTF-8"?>
<!-- Generated by org.testng.reporters.JUnitReportReporter -->
<testsuite hostname="WSW-N022" failures="0" tests="2" name="GitHubScenarious" time="3.441" errors="0" timestamp="1 Mar 2021 23:18:09 GMT">
  <testcase classname="GitHubScenarious" name="scenario1_createNewRepository" time="3.020"/>
  <testcase classname="GitHubScenarious" name="scenatio4" time="0.421"/>
</testsuite> <!-- GitHubScenarious -->
